[debug] [2023-01-17T09:30:21.899Z] ----------------------------------------------------------------------
[debug] [2023-01-17T09:30:21.905Z] Command:       C:\Program Files\nodejs\node.exe C:\Users\AZ1\AppData\Roaming\npm\node_modules\firebase-tools\lib\bin\firebase.js init
[debug] [2023-01-17T09:30:21.906Z] CLI Version:   11.20.0
[debug] [2023-01-17T09:30:21.907Z] Platform:      win32
[debug] [2023-01-17T09:30:21.907Z] Node Version:  v16.15.1
[debug] [2023-01-17T09:30:21.909Z] Time:          Tue Jan 17 2023 16:30:21 GMT+0700 (Indochina Time)
[debug] [2023-01-17T09:30:21.910Z] ----------------------------------------------------------------------
[debug] 
[debug] [2023-01-17T09:30:21.927Z] > command requires scopes: ["email","openid","https://www.googleapis.com/auth/cloudplatformprojects.readonly","https://www.googleapis.com/auth/firebase","https://www.googleapis.com/auth/cloud-platform"]
[debug] [2023-01-17T09:30:21.928Z] > authorizing via signed-in user (azwanalkhawarismi@gmail.com)
[info] 
     ######## #### ########  ######## ########     ###     ######  ########
     ##        ##  ##     ## ##       ##     ##  ##   ##  ##       ##
     ######    ##  ########  ######   ########  #########  ######  ######
     ##        ##  ##    ##  ##       ##     ## ##     ##       ## ##
     ##       #### ##     ## ######## ########  ##     ##  ######  ########

You're about to initialize a Firebase project in this directory:

  C:\laragon\www\yt-clone

Before we get started, keep in mind:

  * You are currently outside your home directory

